[2023-08-02 11:40:03] local.ERROR: Unable to connect with STARTTLS: stream_socket_enable_crypto(): Peer certificate CN=`*.dnsmisitio.net' did not match expected CN=`smtp-relay.sendinblue.com' {"exception":"[object] (Symfony\\Component\\Mailer\\Exception\\TransportException(code: 0): Unable to connect with STARTTLS: stream_socket_enable_crypto(): Peer certificate CN=`*.dnsmisitio.net' did not match expected CN=`smtp-relay.sendinblue.com' at /home/tallerde/public_html/recordatoriostaller/vendor/symfony/mailer/Transport/Smtp/Stream/SocketStream.php:171)
[stacktrace]
#0 [internal function]: Symfony\\Component\\Mailer\\Transport\\Smtp\\Stream\\SocketStream->Symfony\\Component\\Mailer\\Transport\\Smtp\\Stream\\{closure}(2, 'stream_socket_e...', '/home/tallerde/...', 174)
#1 /home/tallerde/public_html/recordatoriostaller/vendor/symfony/mailer/Transport/Smtp/Stream/SocketStream.php(174): stream_socket_enable_crypto(Resource id #945, true)
#2 /home/tallerde/public_html/recordatoriostaller/vendor/symfony/mailer/Transport/Smtp/EsmtpTransport.php(139): Symfony\\Component\\Mailer\\Transport\\Smtp\\Stream\\SocketStream->startTLS()
#3 /home/tallerde/public_html/recordatoriostaller/vendor/symfony/mailer/Transport/Smtp/EsmtpTransport.php(105): Symfony\\Component\\Mailer\\Transport\\Smtp\\EsmtpTransport->doEhloCommand()
#4 /home/tallerde/public_html/recordatoriostaller/vendor/symfony/mailer/Transport/Smtp/SmtpTransport.php(254): Symfony\\Component\\Mailer\\Transport\\Smtp\\EsmtpTransport->executeCommand('HELO [127.0.0.1...', Array)
#5 /home/tallerde/public_html/recordatoriostaller/vendor/symfony/mailer/Transport/Smtp/SmtpTransport.php(277): Symfony\\Component\\Mailer\\Transport\\Smtp\\SmtpTransport->doHeloCommand()
#6 /home/tallerde/public_html/recordatoriostaller/vendor/symfony/mailer/Transport/Smtp/SmtpTransport.php(213): Symfony\\Component\\Mailer\\Transport\\Smtp\\SmtpTransport->start()
#7 /home/tallerde/public_html/recordatoriostaller/vendor/symfony/mailer/Transport/AbstractTransport.php(69): Symfony\\Component\\Mailer\\Transport\\Smtp\\SmtpTransport->doSend(Object(Symfony\\Component\\Mailer\\SentMessage))
#8 /home/tallerde/public_html/recordatoriostaller/vendor/symfony/mailer/Transport/Smtp/SmtpTransport.php(137): Symfony\\Component\\Mailer\\Transport\\AbstractTransport->send(Object(Symfony\\Component\\Mime\\Email), Object(Symfony\\Component\\Mailer\\DelayedEnvelope))
#9 /home/tallerde/public_html/recordatoriostaller/vendor/laravel/framework/src/Illuminate/Mail/Mailer.php(539): Symfony\\Component\\Mailer\\Transport\\Smtp\\SmtpTransport->send(Object(Symfony\\Component\\Mime\\Email), Object(Symfony\\Component\\Mailer\\DelayedEnvelope))
#10 /home/tallerde/public_html/recordatoriostaller/vendor/laravel/framework/src/Illuminate/Mail/Mailer.php(303): Illuminate\\Mail\\Mailer->sendSymfonyMessage(Object(Symfony\\Component\\Mime\\Email))
#11 /home/tallerde/public_html/recordatoriostaller/vendor/laravel/framework/src/Illuminate/Mail/MailManager.php(554): Illuminate\\Mail\\Mailer->send('email.par-n', Array, Object(Closure))
#12 /home/tallerde/public_html/recordatoriostaller/vendor/laravel/framework/src/Illuminate/Support/Facades/Facade.php(353): Illuminate\\Mail\\MailManager->__call('send', Array)
#13 /home/tallerde/public_html/recordatoriostaller/app/Jobs/SendEmailJob.php(97): Illuminate\\Support\\Facades\\Facade::__callStatic('send', Array)
#14 /home/tallerde/public_html/recordatoriostaller/vendor/laravel/framework/src/Illuminate/Container/BoundMethod.php(36): App\\Jobs\\SendEmailJob->handle()
#15 /home/tallerde/public_html/recordatoriostaller/vendor/laravel/framework/src/Illuminate/Container/Util.php(41): Illuminate\\Container\\BoundMethod::Illuminate\\Container\\{closure}()
#16 /home/tallerde/public_html/recordatoriostaller/vendor/laravel/framework/src/Illuminate/Container/BoundMethod.php(93): Illuminate\\Container\\Util::unwrapIfClosure(Object(Closure))
#17 /home/tallerde/public_html/recordatoriostaller/vendor/laravel/framework/src/Illuminate/Container/BoundMethod.php(37): Illuminate\\Container\\BoundMethod::callBoundMethod(Object(Illuminate\\Foundation\\Application), Array, Object(Closure))
#18 /home/tallerde/public_html/recordatoriostaller/vendor/laravel/framework/src/Illuminate/Container/Container.php(661): Illuminate\\Container\\BoundMethod::call(Object(Illuminate\\Foundation\\Application), Array, Array, NULL)
#19 /home/tallerde/public_html/recordatoriostaller/vendor/laravel/framework/src/Illuminate/Bus/Dispatcher.php(128): Illuminate\\Container\\Container->call(Array)
#20 /home/tallerde/public_html/recordatoriostaller/vendor/laravel/framework/src/Illuminate/Pipeline/Pipeline.php(141): Illuminate\\Bus\\Dispatcher->Illuminate\\Bus\\{closure}(Object(App\\Jobs\\SendEmailJob))
#21 /home/tallerde/public_html/recordatoriostaller/vendor/laravel/framework/src/Illuminate/Pipeline/Pipeline.php(116): Illuminate\\Pipeline\\Pipeline->Illuminate\\Pipeline\\{closure}(Object(App\\Jobs\\SendEmailJob))
#22 /home/tallerde/public_html/recordatoriostaller/vendor/laravel/framework/src/Illuminate/Bus/Dispatcher.php(132): Illuminate\\Pipeline\\Pipeline->then(Object(Closure))
#23 /home/tallerde/public_html/recordatoriostaller/vendor/laravel/framework/src/Illuminate/Queue/CallQueuedHandler.php(124): Illuminate\\Bus\\Dispatcher->dispatchNow(Object(App\\Jobs\\SendEmailJob), false)
#24 /home/tallerde/public_html/recordatoriostaller/vendor/laravel/framework/src/Illuminate/Pipeline/Pipeline.php(141): Illuminate\\Queue\\CallQueuedHandler->Illuminate\\Queue\\{closure}(Object(App\\Jobs\\SendEmailJob))
#25 /home/tallerde/public_html/recordatoriostaller/vendor/laravel/framework/src/Illuminate/Pipeline/Pipeline.php(116): Illuminate\\Pipeline\\Pipeline->Illuminate\\Pipeline\\{closure}(Object(App\\Jobs\\SendEmailJob))
#26 /home/tallerde/public_html/recordatoriostaller/vendor/laravel/framework/src/Illuminate/Queue/CallQueuedHandler.php(126): Illuminate\\Pipeline\\Pipeline->then(Object(Closure))
#27 /home/tallerde/public_html/recordatoriostaller/vendor/laravel/framework/src/Illuminate/Queue/CallQueuedHandler.php(70): Illuminate\\Queue\\CallQueuedHandler->dispatchThroughMiddleware(Object(Illuminate\\Queue\\Jobs\\SyncJob), Object(App\\Jobs\\SendEmailJob))
#28 /home/tallerde/public_html/recordatoriostaller/vendor/laravel/framework/src/Illuminate/Queue/Jobs/Job.php(98): Illuminate\\Queue\\CallQueuedHandler->call(Object(Illuminate\\Queue\\Jobs\\SyncJob), Array)
#29 /home/tallerde/public_html/recordatoriostaller/vendor/laravel/framework/src/Illuminate/Queue/SyncQueue.php(43): Illuminate\\Queue\\Jobs\\Job->fire()
#30 /home/tallerde/public_html/recordatoriostaller/vendor/laravel/framework/src/Illuminate/Bus/Dispatcher.php(253): Illuminate\\Queue\\SyncQueue->push(Object(App\\Jobs\\SendEmailJob))
#31 /home/tallerde/public_html/recordatoriostaller/vendor/laravel/framework/src/Illuminate/Bus/Dispatcher.php(229): Illuminate\\Bus\\Dispatcher->pushCommandToQueue(Object(Illuminate\\Queue\\SyncQueue), Object(App\\Jobs\\SendEmailJob))
#32 /home/tallerde/public_html/recordatoriostaller/vendor/laravel/framework/src/Illuminate/Bus/Dispatcher.php(77): Illuminate\\Bus\\Dispatcher->dispatchToQueue(Object(App\\Jobs\\SendEmailJob))
#33 /home/tallerde/public_html/recordatoriostaller/vendor/laravel/framework/src/Illuminate/Foundation/Bus/PendingDispatch.php(193): Illuminate\\Bus\\Dispatcher->dispatch(Object(App\\Jobs\\SendEmailJob))
#34 /home/tallerde/public_html/recordatoriostaller/vendor/laravel/framework/src/Illuminate/Foundation/helpers.php(390): Illuminate\\Foundation\\Bus\\PendingDispatch->__destruct()
#35 /home/tallerde/public_html/recordatoriostaller/app/Console/Commands/EnviarRecordatorios.php(40): dispatch(Object(App\\Jobs\\SendEmailJob))
#36 /home/tallerde/public_html/recordatoriostaller/vendor/laravel/framework/src/Illuminate/Container/BoundMethod.php(36): App\\Console\\Commands\\EnviarRecordatorios->handle()
#37 /home/tallerde/public_html/recordatoriostaller/vendor/laravel/framework/src/Illuminate/Container/Util.php(41): Illuminate\\Container\\BoundMethod::Illuminate\\Container\\{closure}()
#38 /home/tallerde/public_html/recordatoriostaller/vendor/laravel/framework/src/Illuminate/Container/BoundMethod.php(93): Illuminate\\Container\\Util::unwrapIfClosure(Object(Closure))
#39 /home/tallerde/public_html/recordatoriostaller/vendor/laravel/framework/src/Illuminate/Container/BoundMethod.php(37): Illuminate\\Container\\BoundMethod::callBoundMethod(Object(Illuminate\\Foundation\\Application), Array, Object(Closure))
#40 /home/tallerde/public_html/recordatoriostaller/vendor/laravel/framework/src/Illuminate/Container/Container.php(661): Illuminate\\Container\\BoundMethod::call(Object(Illuminate\\Foundation\\Application), Array, Array, NULL)
#41 /home/tallerde/public_html/recordatoriostaller/vendor/laravel/framework/src/Illuminate/Console/Command.php(194): Illuminate\\Container\\Container->call(Array)
#42 /home/tallerde/public_html/recordatoriostaller/vendor/symfony/console/Command/Command.php(312): Illuminate\\Console\\Command->execute(Object(Symfony\\Component\\Console\\Input\\ArgvInput), Object(Illuminate\\Console\\OutputStyle))
#43 /home/tallerde/public_html/recordatoriostaller/vendor/laravel/framework/src/Illuminate/Console/Command.php(164): Symfony\\Component\\Console\\Command\\Command->run(Object(Symfony\\Component\\Console\\Input\\ArgvInput), Object(Illuminate\\Console\\OutputStyle))
#44 /home/tallerde/public_html/recordatoriostaller/vendor/symfony/console/Application.php(1040): Illuminate\\Console\\Command->run(Object(Symfony\\Component\\Console\\Input\\ArgvInput), Object(Symfony\\Component\\Console\\Output\\ConsoleOutput))
#45 /home/tallerde/public_html/recordatoriostaller/vendor/symfony/console/Application.php(314): Symfony\\Component\\Console\\Application->doRunCommand(Object(App\\Console\\Commands\\EnviarRecordatorios), Object(Symfony\\Component\\Console\\Input\\ArgvInput), Object(Symfony\\Component\\Console\\Output\\ConsoleOutput))
#46 /home/tallerde/public_html/recordatoriostaller/vendor/symfony/console/Application.php(168): Symfony\\Component\\Console\\Application->doRun(Object(Symfony\\Component\\Console\\Input\\ArgvInput), Object(Symfony\\Component\\Console\\Output\\ConsoleOutput))
#47 /home/tallerde/public_html/recordatoriostaller/vendor/laravel/framework/src/Illuminate/Foundation/Console/Kernel.php(200): Symfony\\Component\\Console\\Application->run(Object(Symfony\\Component\\Console\\Input\\ArgvInput), Object(Symfony\\Component\\Console\\Output\\ConsoleOutput))
#48 /home/tallerde/public_html/recordatoriostaller/artisan(37): Illuminate\\Foundation\\Console\\Kernel->handle(Object(Symfony\\Component\\Console\\Input\\ArgvInput), Object(Symfony\\Component\\Console\\Output\\ConsoleOutput))
#49 {main}
"} 
